<?xml version="1.0" encoding="UTF-8"?>
<testng-results ignored="0" total="3" passed="3" failed="0" skipped="0">
  <reporter-output>
  </reporter-output>
  <suite started-at="2026-06-07T17:16:13 IST" name="SauceDemo Suite" finished-at="2026-06-07T17:16:49 IST" duration-ms="36495">
    <groups>
    </groups>
    <test started-at="2026-06-07T17:16:13 IST" name="Smoke And Purchase Tests" finished-at="2026-06-07T17:16:49 IST" duration-ms="36495">
      <class name="tests.LoginTest">
        <test-method is-config="true" signature="setup()[pri:0, instance:tests.LoginTest@448c8166]" started-at="2026-06-07T17:16:16 IST" name="setup" finished-at="2026-06-07T17:16:28 IST" duration-ms="12375" status="PASS">
          <reporter-output>
          </reporter-output>
        </test-method> <!-- setup -->
        <test-method signature="verifyValidLogin(java.lang.String,java.lang.String)[pri:0, instance:tests.LoginTest@448c8166]" started-at="2026-06-07T17:16:28 IST" name="verifyValidLogin" data-provider="loginData" finished-at="2026-06-07T17:16:31 IST" duration-ms="2830" status="PASS">
          <params>
            <param index="0">
              <value>
                <![CDATA[standard_user]]>
              </value>
            </param>
            <param index="1">
              <value>
                <![CDATA[secret_sauce]]>
              </value>
            </param>
          </params>
          <reporter-output>
          </reporter-output>
        </test-method> <!-- verifyValidLogin -->
        <test-method is-config="true" signature="tearDown()[pri:0, instance:tests.LoginTest@448c8166]" started-at="2026-06-07T17:16:31 IST" name="tearDown" finished-at="2026-06-07T17:16:32 IST" duration-ms="967" status="PASS">
          <reporter-output>
          </reporter-output>
        </test-method> <!-- tearDown -->
        <test-method is-config="true" signature="setup()[pri:0, instance:tests.LoginTest@448c8166]" started-at="2026-06-07T17:16:32 IST" name="setup" finished-at="2026-06-07T17:16:37 IST" duration-ms="5056" status="PASS">
          <reporter-output>
          </reporter-output>
        </test-method> <!-- setup -->
        <test-method signature="verifyValidLogin(java.lang.String,java.lang.String)[pri:0, instance:tests.LoginTest@448c8166]" started-at="2026-06-07T17:16:37 IST" name="verifyValidLogin" data-provider="loginData" finished-at="2026-06-07T17:16:39 IST" duration-ms="1713" status="PASS">
          <params>
            <param index="0">
              <value>
                <![CDATA[standard_user]]>
              </value>
            </param>
            <param index="1">
              <value>
                <![CDATA[secret_sauce]]>
              </value>
            </param>
          </params>
          <reporter-output>
          </reporter-output>
        </test-method> <!-- verifyValidLogin -->
        <test-method is-config="true" signature="tearDown()[pri:0, instance:tests.LoginTest@448c8166]" started-at="2026-06-07T17:16:39 IST" name="tearDown" finished-at="2026-06-07T17:16:39 IST" duration-ms="800" status="PASS">
          <reporter-output>
          </reporter-output>
        </test-method> <!-- tearDown -->
      </class> <!-- tests.LoginTest -->
      <class name="tests.PurchaseTest">
        <test-method is-config="true" signature="setup()[pri:0, instance:tests.PurchaseTest@4fad94a7]" started-at="2026-06-07T17:16:39 IST" name="setup" finished-at="2026-06-07T17:16:44 IST" duration-ms="4919" status="PASS">
          <reporter-output>
          </reporter-output>
        </test-method> <!-- setup -->
        <test-method signature="verifyCompletePurchaseFlow()[pri:0, instance:tests.PurchaseTest@4fad94a7]" started-at="2026-06-07T17:16:44 IST" name="verifyCompletePurchaseFlow" finished-at="2026-06-07T17:16:48 IST" duration-ms="4105" status="PASS">
          <reporter-output>
          </reporter-output>
        </test-method> <!-- verifyCompletePurchaseFlow -->
        <test-method is-config="true" signature="tearDown()[pri:0, instance:tests.PurchaseTest@4fad94a7]" started-at="2026-06-07T17:16:48 IST" name="tearDown" finished-at="2026-06-07T17:16:49 IST" duration-ms="732" status="PASS">
          <reporter-output>
          </reporter-output>
        </test-method> <!-- tearDown -->
      </class> <!-- tests.PurchaseTest -->
    </test> <!-- Smoke And Purchase Tests -->
  </suite> <!-- SauceDemo Suite -->
</testng-results>
