<?xml version="1.0" encoding="UTF-8"?>
<!-- Generated by org.testng.reporters.JUnitXMLReporter -->
<testsuite ignored="0" hostname="DESKTOP-BHPKN09" failures="0" tests="3" name="Smoke And Purchase Tests" time="36.495" errors="0" timestamp="2026-06-07T17:16:51 IST">
  <testcase classname="tests.LoginTest" name="verifyValidLogin" time="2.83"/>
  <testcase classname="tests.LoginTest" name="verifyValidLogin" time="1.713"/>
  <testcase classname="tests.PurchaseTest" name="verifyCompletePurchaseFlow" time="4.105"/>
</testsuite> <!-- Smoke And Purchase Tests -->
